L 11/06/2025 - 21:13:44: Log file started (file "logs\L1106001.log") (game "D:\SteamLibrary\steamapps\common\CS-Source_SRCDS\cstrike") (version "9540945")
L 11/06/2025 - 21:13:44: Loading map "de_port"
L 11/06/2025 - 21:13:44: server cvars start
L 11/06/2025 - 21:13:44: "sourcemod_version" = "1.13.0.7260"
L 11/06/2025 - 21:13:44: "sm_nextmap" = ""
L 11/06/2025 - 21:13:44: "metamod_version" = "2.0.0-dev+1366V"
L 11/06/2025 - 21:13:44: "sv_nostats" = "0"
L 11/06/2025 - 21:13:44: "mp_teamplay" = "0"
L 11/06/2025 - 21:13:44: "mp_falldamage" = "0"
L 11/06/2025 - 21:13:44: "mp_weaponstay" = "0"
L 11/06/2025 - 21:13:44: "mp_forcerespawn" = "1"
L 11/06/2025 - 21:13:44: "mp_footsteps" = "1"
L 11/06/2025 - 21:13:44: "mp_flashlight" = "1"
L 11/06/2025 - 21:13:44: "mp_autocrosshair" = "1"
L 11/06/2025 - 21:13:44: "decalfrequency" = "10"
L 11/06/2025 - 21:13:44: "mp_teamlist" = "hgrunt;scientist"
L 11/06/2025 - 21:13:44: "mp_allowNPCs" = "1"
L 11/06/2025 - 21:13:44: "mp_friendlyfire" = "0"
L 11/06/2025 - 21:13:44: "mp_fadetoblack" = "0"
L 11/06/2025 - 21:13:44: "sv_gravity" = "800"
L 11/06/2025 - 21:13:44: "sv_stopspeed" = "100"
L 11/06/2025 - 21:13:44: "sv_noclipaccelerate" = "5"
L 11/06/2025 - 21:13:44: "sv_noclipspeed" = "5"
L 11/06/2025 - 21:13:44: "sv_specaccelerate" = "5"
L 11/06/2025 - 21:13:44: "sv_specspeed" = "3"
L 11/06/2025 - 21:13:44: "sv_specnoclip" = "1"
L 11/06/2025 - 21:13:44: "sv_maxspeed" = "320"
L 11/06/2025 - 21:13:44: "sv_accelerate" = "10"
L 11/06/2025 - 21:13:44: "sv_airaccelerate" = "10"
L 11/06/2025 - 21:13:44: "sv_wateraccelerate" = "10"
L 11/06/2025 - 21:13:44: "sv_waterfriction" = "1"
L 11/06/2025 - 21:13:44: "sv_footsteps" = "1"
L 11/06/2025 - 21:13:44: "sv_rollspeed" = "200"
L 11/06/2025 - 21:13:44: "sv_rollangle" = "0"
L 11/06/2025 - 21:13:44: "sv_friction" = "4"
L 11/06/2025 - 21:13:44: "sv_bounce" = "0"
L 11/06/2025 - 21:13:44: "sv_stepsize" = "18"
L 11/06/2025 - 21:13:44: "r_VehicleViewDampen" = "1"
L 11/06/2025 - 21:13:44: "r_JeepViewDampenFreq" = "7.0"
L 11/06/2025 - 21:13:44: "r_JeepViewDampenDamp" = "1.0"
L 11/06/2025 - 21:13:44: "r_JeepViewZHeight" = "10.0"
L 11/06/2025 - 21:13:44: "r_AirboatViewDampenFreq" = "7.0"
L 11/06/2025 - 21:13:44: "r_AirboatViewDampenDamp" = "1.0"
L 11/06/2025 - 21:13:44: "r_AirboatViewZHeight" = "0.0"
L 11/06/2025 - 21:13:44: "mp_timelimit" = "40"
L 11/06/2025 - 21:13:44: "mp_fraglimit" = "0"
L 11/06/2025 - 21:13:44: "nextlevel" = ""
L 11/06/2025 - 21:13:44: "sv_maxusrcmdprocessticks" = "24"
L 11/06/2025 - 21:13:44: "mp_respawnwavetime" = "10.0"
L 11/06/2025 - 21:13:44: "mp_tournament" = "0"
L 11/06/2025 - 21:13:44: "tf_arena_preround_time" = "10"
L 11/06/2025 - 21:13:44: "tf_arena_round_time" = "0"
L 11/06/2025 - 21:13:44: "tf_arena_max_streak" = "3"
L 11/06/2025 - 21:13:44: "tf_arena_use_queue" = "1"
L 11/06/2025 - 21:13:44: "mp_maxrounds" = "12"
L 11/06/2025 - 21:13:44: "mp_winlimit" = "12"
L 11/06/2025 - 21:13:44: "mp_disable_respawn_times" = "0"
L 11/06/2025 - 21:13:44: "mp_stalemate_meleeonly" = "0"
L 11/06/2025 - 21:13:44: "mp_forceautoteam" = "0"
L 11/06/2025 - 21:13:44: "mp_autoteambalance" = "1"
L 11/06/2025 - 21:13:44: "mp_stalemate_enable" = "0"
L 11/06/2025 - 21:13:44: "mp_match_end_at_timelimit" = "0"
L 11/06/2025 - 21:13:44: "mp_holiday_nogifts" = "0"
L 11/06/2025 - 21:13:44: "mp_scrambleteams_auto" = "1"
L 11/06/2025 - 21:13:44: "mp_scrambleteams_auto_windifference" = "2"
L 11/06/2025 - 21:13:44: "sv_alltalk" = "0"
L 11/06/2025 - 21:13:44: "sv_vote_quorum_ratio" = "0.6"
L 11/06/2025 - 21:13:44: "sv_enableboost" = "0"
L 11/06/2025 - 21:13:44: "sv_autobunnyhopping" = "0"
L 11/06/2025 - 21:13:44: "sv_enablebunnyhopping" = "0"
L 11/06/2025 - 21:13:44: "sv_allowminmodels" = "1"
L 11/06/2025 - 21:13:44: "mp_startmoney" = "800"
L 11/06/2025 - 21:13:44: "mp_roundtime" = "7"
L 11/06/2025 - 21:13:44: "mp_freezetime" = "12"
L 11/06/2025 - 21:13:44: "mp_c4timer" = "45"
L 11/06/2025 - 21:13:44: "mp_limitteams" = "2"
L 11/06/2025 - 21:13:44: "sv_competitive_minspec" = "0"
L 11/06/2025 - 21:13:44: "bot_quota" = "0"
L 11/06/2025 - 21:13:44: "mp_hostagepenalty" = "20"
L 11/06/2025 - 21:13:44: "sv_cheats" = "0"
L 11/06/2025 - 21:13:44: "sv_pausable" = "0"
L 11/06/2025 - 21:13:44: "sv_contact" = ""
L 11/06/2025 - 21:13:44: "sv_voiceenable" = "1"
L 11/06/2025 - 21:13:44: "tv_enable" = "0"
L 11/06/2025 - 21:13:44: "sv_steamgroup" = ""
L 11/06/2025 - 21:13:44: "sv_password" = ""
L 11/06/2025 - 21:13:44: "sv_tags" = ""
L 11/06/2025 - 21:13:44: "tv_relaypassword" = ""
L 11/06/2025 - 21:13:44: "tv_password" = ""
L 11/06/2025 - 21:13:44: "deathmatch" = "1"
L 11/06/2025 - 21:13:44: "coop" = "0"
L 11/06/2025 - 21:13:44: server cvars end
L 11/06/2025 - 21:13:46: Started map "de_port" (CRC "60bdab7264e45ccfcfaccef77e766ac4")
L 11/06/2025 - 21:13:46: server_cvar: "sm_nextmap" "de_port"
L 11/06/2025 - 21:13:46: server_cvar: "sv_accelerate" "5"
L 11/06/2025 - 21:13:46: server_cvar: "sv_stopspeed" "75"
L 11/06/2025 - 21:13:46: Executing dedicated server config file server.cfg
L 11/06/2025 - 21:13:46: VSCRIPT: Started VScript virtual machine using script language 'Squirrel'
L 11/06/2025 - 21:13:46: Script not found (scripts/vscripts/mapspawn.nut) 
L 11/06/2025 - 21:13:49: server_cvar: "mp_friendlyfire" "1"
L 11/06/2025 - 21:13:49: server_cvar: "sv_tags" "friendlyfire"
L 11/06/2025 - 21:13:49: server_cvar: "sv_tags" "friendlyfire"
L 11/06/2025 - 21:13:49: server_cvar: "sv_voiceenable" "0"
L 11/06/2025 - 21:13:49: server_cvar: "sm_gravity_enabled" "1"
L 11/06/2025 - 21:13:49: server_cvar: "sm_gravity_multiplier" "0.8"
L 11/06/2025 - 21:13:49: server_cvar: "sm_sbc_damage_amount" "85"
L 11/06/2025 - 21:13:49: server_cvar: "sm_sbc_damage_interval" "1.8"
L 11/06/2025 - 21:13:49: server_cvar: "sm_sid_check_delay" "30.0"
L 11/06/2025 - 21:13:49: server_cvar: "sm_sid_max_retries" "5"
L 11/06/2025 - 21:13:49: server_cvar: "sm_sid_retry_interval" "10"
L 11/06/2025 - 21:13:49: World triggered "Round_Start"
L 11/06/2025 - 21:13:49: Connection to Steam servers successful.
L 11/06/2025 - 21:13:49:    Public IP to Steam is 92.118.76.231.
L 11/06/2025 - 21:13:49: Assigned anonymous gameserver Steam ID [A:1:3249155075:47631].
L 11/06/2025 - 21:13:49: VAC secure mode is activated.
L 11/06/2025 - 21:13:49: server_cvar: "sm_nextmap" "de_prodigy"
L 11/06/2025 - 21:13:54: server_cvar: "sm_nextmap" "cs_italy"
L 11/06/2025 - 21:14:01: server_cvar: "bot_quota" "21"
L 11/06/2025 - 21:14:01: server_cvar: "sv_tags" "bots,friendlyfire"
L 11/06/2025 - 21:14:20: "TrueOSmium<2><[U:1:476639810]><>" connected, address "26.175.144.113:27006"
L 11/06/2025 - 21:14:21: "TrueOSmium<2><[U:1:476639810]><>" STEAM USERID validated
L 11/06/2025 - 21:14:32: "TrueOSmium<2><[U:1:476639810]><>" entered the game
L 11/06/2025 - 21:14:32: World triggered "Round_Start"
L 11/06/2025 - 21:14:38: "TrueOSmium<2><[U:1:476639810]><Unassigned>" joined team "TERRORIST"
L 11/06/2025 - 21:14:39: "TrueOSmium<2><[U:1:476639810]><TERRORIST>" triggered "Got_The_Bomb"
L 11/06/2025 - 21:14:39: "Wyatt<3><BOT><>" connected, address "none"
L 11/06/2025 - 21:14:39: "Wyatt<3><BOT><Unassigned>" joined team "CT"
L 11/06/2025 - 21:14:39: World triggered "Game_Commencing"
L 11/06/2025 - 21:14:39: "Wyatt<3><BOT><>" entered the game
L 11/06/2025 - 21:14:39: "Alfred<4><BOT><>" connected, address "none"
L 11/06/2025 - 21:14:39: "Alfred<4><BOT><Unassigned>" joined team "TERRORIST"
L 11/06/2025 - 21:14:39: "Alfred<4><BOT><>" entered the game
L 11/06/2025 - 21:14:39: "Dan<5><BOT><>" connected, address "none"
L 11/06/2025 - 21:14:39: "Dan<5><BOT><Unassigned>" joined team "CT"
L 11/06/2025 - 21:14:39: "Dan<5><BOT><>" entered the game
L 11/06/2025 - 21:14:39: "Dean<6><BOT><>" connected, address "none"
L 11/06/2025 - 21:14:39: "Dean<6><BOT><Unassigned>" joined team "CT"
L 11/06/2025 - 21:14:39: "Dean<6><BOT><>" entered the game
L 11/06/2025 - 21:14:39: "Bill<7><BOT><>" connected, address "none"
L 11/06/2025 - 21:14:39: "Bill<7><BOT><Unassigned>" joined team "TERRORIST"
L 11/06/2025 - 21:14:39: "Bill<7><BOT><>" entered the game
L 11/06/2025 - 21:14:39: "Derek<8><BOT><>" connected, address "none"
L 11/06/2025 - 21:14:39: "Derek<8><BOT><Unassigned>" joined team "TERRORIST"
L 11/06/2025 - 21:14:39: "Derek<8><BOT><>" entered the game
L 11/06/2025 - 21:14:39: "Calvin<9><BOT><>" connected, address "none"
L 11/06/2025 - 21:14:39: "Calvin<9><BOT><Unassigned>" joined team "CT"
L 11/06/2025 - 21:14:39: "Calvin<9><BOT><>" entered the game
L 11/06/2025 - 21:14:39: "Adrian<10><BOT><>" connected, address "none"
L 11/06/2025 - 21:14:39: "Adrian<10><BOT><Unassigned>" joined team "CT"
L 11/06/2025 - 21:14:39: "Adrian<10><BOT><>" entered the game
L 11/06/2025 - 21:14:39: "Martin<11><BOT><>" connected, address "none"
L 11/06/2025 - 21:14:39: "Martin<11><BOT><Unassigned>" joined team "TERRORIST"
L 11/06/2025 - 21:14:39: "Martin<11><BOT><>" entered the game
L 11/06/2025 - 21:14:39: "Norm<12><BOT><>" connected, address "none"
L 11/06/2025 - 21:14:39: "Norm<12><BOT><Unassigned>" joined team "CT"
L 11/06/2025 - 21:14:39: "Norm<12><BOT><>" entered the game
L 11/06/2025 - 21:14:39: "Mike<13><BOT><>" connected, address "none"
L 11/06/2025 - 21:14:39: "Mike<13><BOT><Unassigned>" joined team "TERRORIST"
L 11/06/2025 - 21:14:39: "Mike<13><BOT><>" entered the game
L 11/06/2025 - 21:14:39: "Colin<14><BOT><>" connected, address "none"
L 11/06/2025 - 21:14:39: "Colin<14><BOT><Unassigned>" joined team "TERRORIST"
L 11/06/2025 - 21:14:39: "Colin<14><BOT><>" entered the game
L 11/06/2025 - 21:14:39: "Wade<15><BOT><>" connected, address "none"
L 11/06/2025 - 21:14:39: "Wade<15><BOT><Unassigned>" joined team "CT"
L 11/06/2025 - 21:14:39: "Wade<15><BOT><>" entered the game
L 11/06/2025 - 21:14:39: "Tom<16><BOT><>" connected, address "none"
L 11/06/2025 - 21:14:39: "Tom<16><BOT><Unassigned>" joined team "TERRORIST"
L 11/06/2025 - 21:14:39: "Tom<16><BOT><>" entered the game
L 11/06/2025 - 21:14:39: "Tim<17><BOT><>" connected, address "none"
L 11/06/2025 - 21:14:39: "Tim<17><BOT><Unassigned>" joined team "CT"
L 11/06/2025 - 21:14:39: "Tim<17><BOT><>" entered the game
L 11/06/2025 - 21:14:39: "Ron<18><BOT><>" connected, address "none"
L 11/06/2025 - 21:14:39: "Ron<18><BOT><Unassigned>" joined team "TERRORIST"
L 11/06/2025 - 21:14:39: "Ron<18><BOT><>" entered the game
L 11/06/2025 - 21:14:39: "Chris<19><BOT><>" connected, address "none"
L 11/06/2025 - 21:14:39: "Chris<19><BOT><Unassigned>" joined team "CT"
L 11/06/2025 - 21:14:39: "Chris<19><BOT><>" entered the game
L 11/06/2025 - 21:14:39: "Dennis<20><BOT><>" connected, address "none"
L 11/06/2025 - 21:14:39: "Dennis<20><BOT><Unassigned>" joined team "TERRORIST"
L 11/06/2025 - 21:14:39: "Dennis<20><BOT><>" entered the game
L 11/06/2025 - 21:14:39: "Perry<21><BOT><>" connected, address "none"
L 11/06/2025 - 21:14:39: "Perry<21><BOT><Unassigned>" joined team "CT"
L 11/06/2025 - 21:14:39: "Perry<21><BOT><>" entered the game
L 11/06/2025 - 21:14:39: "Jerry<22><BOT><>" connected, address "none"
L 11/06/2025 - 21:14:39: "Jerry<22><BOT><Unassigned>" joined team "TERRORIST"
L 11/06/2025 - 21:14:39: "Jerry<22><BOT><>" entered the game
L 11/06/2025 - 21:14:42: "Alfred<4><BOT><TERRORIST>" triggered "Got_The_Bomb"
L 11/06/2025 - 21:14:54: World triggered "Round_Start"
L 11/06/2025 - 21:15:01: "TrueOSmium<2><[U:1:476639810]><TERRORIST>" attacked "Tim<17><BOT><CT>" with "p228" (damage "10") (damage_armor "0") (health "115") (armor "100") (hitgroup "right leg")
L 11/06/2025 - 21:15:01: "Norm<12><BOT><CT>" attacked "TrueOSmium<2><[U:1:476639810]><TERRORIST>" with "usp" (damage "7") (damage_armor "0") (health "193") (armor "175") (hitgroup "left leg")
L 11/06/2025 - 21:15:02: "Wyatt<3><BOT><CT>" attacked "Alfred<4><BOT><TERRORIST>" with "usp" (damage "7") (damage_armor "3") (health "118") (armor "96") (hitgroup "chest")
L 11/06/2025 - 21:15:02: "Wyatt<3><BOT><CT>" attacked "TrueOSmium<2><[U:1:476639810]><TERRORIST>" with "usp" (damage "5") (damage_armor "0") (health "188") (armor "175") (hitgroup "left leg")
L 11/06/2025 - 21:15:05: "Jerry<22><BOT><TERRORIST>" attacked "Tim<17><BOT><CT>" with "glock" (damage "5") (damage_armor "0") (health "110") (armor "100") (hitgroup "left leg")
L 11/06/2025 - 21:15:11: "TrueOSmium<2><[U:1:476639810]><TERRORIST>" attacked "Tim<17><BOT><CT>" with "env_particlesmokegrenade" (damage "85") (damage_armor "0") (health "25") (armor "100") (hitgroup "left leg")
L 11/06/2025 - 21:15:12: "TrueOSmium<2><[U:1:476639810]><TERRORIST>" attacked "Tim<17><BOT><CT>" with "env_particlesmokegrenade" (damage "85") (damage_armor "0") (health "0") (armor "100") (hitgroup "left leg")
L 11/06/2025 - 21:15:12: "TrueOSmium<2><[U:1:476639810]><TERRORIST>" killed "Tim<17><BOT><CT>" with "env_particlesmokegrenade"
L 11/06/2025 - 21:15:13: "Derek<8><BOT><TERRORIST>" attacked "Chris<19><BOT><CT>" with "glock" (damage "61") (damage_armor "0") (health "64") (armor "100") (hitgroup "head")
L 11/06/2025 - 21:15:13: "Dan<5><BOT><CT>" attacked "Martin<11><BOT><TERRORIST>" with "usp" (damage "16") (damage_armor "7") (health "109") (armor "92") (hitgroup "chest")
L 11/06/2025 - 21:15:13: "Colin<14><BOT><TERRORIST>" attacked "Chris<19><BOT><CT>" with "glock" (damage "81") (damage_armor "0") (health "0") (armor "100") (hitgroup "head")
L 11/06/2025 - 21:15:13: "Colin<14><BOT><TERRORIST>" killed "Chris<19><BOT><CT>" with "glock" (headshot)
L 11/06/2025 - 21:15:14: "Dan<5><BOT><CT>" attacked "Ron<18><BOT><TERRORIST>" with "usp" (damage "16") (damage_armor "7") (health "109") (armor "92") (hitgroup "left arm")
L 11/06/2025 - 21:15:14: "Colin<14><BOT><TERRORIST>" attacked "Dan<5><BOT><CT>" with "glock" (damage "12") (damage_armor "4") (health "113") (armor "95") (hitgroup "left arm")
L 11/06/2025 - 21:15:14: "Derek<8><BOT><TERRORIST>" attacked "Dan<5><BOT><CT>" with "glock" (damage "10") (damage_armor "4") (health "103") (armor "90") (hitgroup "stomach")
L 11/06/2025 - 21:15:14: "Colin<14><BOT><TERRORIST>" attacked "Dan<5><BOT><CT>" with "glock" (damage "12") (damage_armor "5") (health "91") (armor "84") (hitgroup "right arm")
L 11/06/2025 - 21:15:14: "TrueOSmium<2><[U:1:476639810]><TERRORIST>" attacked "Norm<12><BOT><CT>" with "p228" (damage "17") (damage_armor "6") (health "108") (armor "93") (hitgroup "right arm")
L 11/06/2025 - 21:15:14: "Dan<5><BOT><CT>" attacked "Ron<18><BOT><TERRORIST>" with "usp" (damage "16") (damage_armor "7") (health "93") (armor "84") (hitgroup "left arm")
L 11/06/2025 - 21:15:14: "Derek<8><BOT><TERRORIST>" attacked "Dan<5><BOT><CT>" with "glock" (damage "8") (damage_armor "3") (health "83") (armor "80") (hitgroup "left arm")
L 11/06/2025 - 21:15:15: "Colin<14><BOT><TERRORIST>" attacked "Dan<5><BOT><CT>" with "glock" (damage "8") (damage_armor "3") (health "75") (armor "76") (hitgroup "stomach")
L 11/06/2025 - 21:15:15: "Dan<5><BOT><CT>" attacked "Ron<18><BOT><TERRORIST>" with "usp" (damage "15") (damage_armor "7") (health "78") (armor "76") (hitgroup "left arm")
L 11/06/2025 - 21:15:15: "Dennis<20><BOT><TERRORIST>" attacked "Norm<12><BOT><CT>" with "glock" (damage "13") (damage_armor "5") (health "95") (armor "87") (hitgroup "chest")
L 11/06/2025 - 21:15:15: "Ron<18><BOT><TERRORIST>" attacked "Dan<5><BOT><CT>" with "glock" (damage "12") (damage_armor "5") (health "63") (armor "70") (hitgroup "left arm")
L 11/06/2025 - 21:15:15: "Adrian<10><BOT><CT>" attacked "Ron<18><BOT><TERRORIST>" with "usp" (damage "13") (damage_armor "6") (health "65") (armor "69") (hitgroup "stomach")
L 11/06/2025 - 21:15:15: "Colin<14><BOT><TERRORIST>" attacked "Dan<5><BOT><CT>" with "glock" (damage "12") (damage_armor "4") (health "51") (armor "65") (hitgroup "chest")
L 11/06/2025 - 21:15:15: "Dan<5><BOT><CT>" attacked "Ron<18><BOT><TERRORIST>" with "usp" (damage "15") (damage_armor "7") (health "50") (armor "61") (hitgroup "chest")
L 11/06/2025 - 21:15:15: "Bill<7><BOT><TERRORIST>" attacked "Norm<12><BOT><CT>" with "glock" (damage "17") (damage_armor "7") (health "78") (armor "79") (hitgroup "stomach")
L 11/06/2025 - 21:15:16: "Ron<18><BOT><TERRORIST>" attacked "Dan<5><BOT><CT>" with "glock" (damage "12") (damage_armor "5") (health "39") (armor "59") (hitgroup "chest")
L 11/06/2025 - 21:15:16: "TrueOSmium<2><[U:1:476639810]><TERRORIST>" attacked "Norm<12><BOT><CT>" with "p228" (damage "18") (damage_armor "7") (health "60") (armor "71") (hitgroup "chest")
L 11/06/2025 - 21:15:16: "Adrian<10><BOT><CT>" attacked "Ron<18><BOT><TERRORIST>" with "usp" (damage "16") (damage_armor "0") (health "34") (armor "61") (hitgroup "left leg")
L 11/06/2025 - 21:15:16: "Derek<8><BOT><TERRORIST>" attacked "Dan<5><BOT><CT>" with "glock" (damage "8") (damage_armor "3") (health "31") (armor "55") (hitgroup "chest")
L 11/06/2025 - 21:15:16: "TrueOSmium<2><[U:1:476639810]><TERRORIST>" attacked "Norm<12><BOT><CT>" with "env_particlesmokegrenade" (damage "47") (damage_armor "18") (health "13") (armor "52") (hitgroup "chest")
L 11/06/2025 - 21:15:16: "TrueOSmium<2><[U:1:476639810]><TERRORIST>" attacked "Perry<21><BOT><CT>" with "env_particlesmokegrenade" (damage "47") (damage_armor "18") (health "78") (armor "81") (hitgroup "generic")
L 11/06/2025 - 21:15:16: "Colin<14><BOT><TERRORIST>" attacked "Dan<5><BOT><CT>" with "glock" (damage "12") (damage_armor "4") (health "19") (armor "50") (hitgroup "left arm")
L 11/06/2025 - 21:15:16: "TrueOSmium<2><[U:1:476639810]><TERRORIST>" attacked "Norm<12><BOT><CT>" with "p228" (damage "129") (damage_armor "0") (health "0") (armor "52") (hitgroup "head")
L 11/06/2025 - 21:15:16: "TrueOSmium<2><[U:1:476639810]><TERRORIST>" killed "Norm<12><BOT><CT>" with "p228" (headshot)
L 11/06/2025 - 21:15:16: "Dan<5><BOT><CT>" attacked "Ron<18><BOT><TERRORIST>" with "usp" (damage "15") (damage_armor "7") (health "19") (armor "53") (hitgroup "left arm")
L 11/06/2025 - 21:15:16: "TrueOSmium<2><[U:1:476639810]><TERRORIST>" attacked "Perry<21><BOT><CT>" with "env_particlesmokegrenade" (damage "47") (damage_armor "18") (health "31") (armor "62") (hitgroup "generic")
L 11/06/2025 - 21:15:16: "Ron<18><BOT><TERRORIST>" attacked "Dan<5><BOT><CT>" with "glock" (damage "12") (damage_armor "5") (health "7") (armor "44") (hitgroup "chest")
L 11/06/2025 - 21:15:16: "Mike<13><BOT><TERRORIST>" attacked "Perry<21><BOT><CT>" with "glock" (damage "14") (damage_armor "5") (health "17") (armor "56") (hitgroup "chest")
L 11/06/2025 - 21:15:16: "Adrian<10><BOT><CT>" attacked "Ron<18><BOT><TERRORIST>" with "usp" (damage "14") (damage_armor "6") (health "5") (armor "46") (hitgroup "stomach")
L 11/06/2025 - 21:15:16: "Derek<8><BOT><TERRORIST>" attacked "Dan<5><BOT><CT>" with "glock" (damage "8") (damage_armor "3") (health "0") (armor "40") (hitgroup "right arm")
L 11/06/2025 - 21:15:16: "Derek<8><BOT><TERRORIST>" killed "Dan<5><BOT><CT>" with "glock"
L 11/06/2025 - 21:15:16: "Mike<13><BOT><TERRORIST>" attacked "Perry<21><BOT><CT>" with "glock" (damage "14") (damage_armor "5") (health "3") (armor "50") (hitgroup "chest")
L 11/06/2025 - 21:15:17: "Adrian<10><BOT><CT>" attacked "Ron<18><BOT><TERRORIST>" with "usp" (damage "11") (damage_armor "5") (health "0") (armor "40") (hitgroup "chest")
L 11/06/2025 - 21:15:17: "Adrian<10><BOT><CT>" killed "Ron<18><BOT><TERRORIST>" with "usp"
L 11/06/2025 - 21:15:18: "TrueOSmium<2><[U:1:476639810]><TERRORIST>" attacked "Perry<21><BOT><CT>" with "env_particlesmokegrenade" (damage "47") (damage_armor "18") (health "0") (armor "31") (hitgroup "chest")
L 11/06/2025 - 21:15:18: "TrueOSmium<2><[U:1:476639810]><TERRORIST>" killed "Perry<21><BOT><CT>" with "env_particlesmokegrenade"
L 11/06/2025 - 21:15:19: "Martin<11><BOT><TERRORIST>" attacked "Adrian<10><BOT><CT>" with "glock" (damage "8") (damage_armor "3") (health "117") (armor "96") (hitgroup "chest")
L 11/06/2025 - 21:15:19: "Adrian<10><BOT><CT>" attacked "Martin<11><BOT><TERRORIST>" with "usp" (damage "16") (damage_armor "0") (health "93") (armor "92") (hitgroup "right leg")
L 11/06/2025 - 21:15:19: "TrueOSmium<2><[U:1:476639810]><TERRORIST>" attacked "Dean<6><BOT><CT>" with "env_particlesmokegrenade" (damage "47") (damage_armor "18") (health "78") (armor "81") (hitgroup "generic")
L 11/06/2025 - 21:15:20: "TrueOSmium<2><[U:1:476639810]><TERRORIST>" attacked "Dean<6><BOT><CT>" with "env_particlesmokegrenade" (damage "47") (damage_armor "18") (health "31") (armor "62") (hitgroup "generic")
L 11/06/2025 - 21:15:20: "Martin<11><BOT><TERRORIST>" attacked "Adrian<10><BOT><CT>" with "glock" (damage "9") (damage_armor "4") (health "108") (armor "91") (hitgroup "chest")
L 11/06/2025 - 21:15:20: "Martin<11><BOT><TERRORIST>" attacked "Adrian<10><BOT><CT>" with "glock" (damage "8") (damage_armor "3") (health "100") (armor "87") (hitgroup "left arm")
L 11/06/2025 - 21:15:21: "Adrian<10><BOT><CT>" attacked "Martin<11><BOT><TERRORIST>" with "usp" (damage "14") (damage_armor "6") (health "79") (armor "85") (hitgroup "stomach")
L 11/06/2025 - 21:15:21: "Martin<11><BOT><TERRORIST>" attacked "Adrian<10><BOT><CT>" with "glock" (damage "9") (damage_armor "3") (health "91") (armor "83") (hitgroup "chest")
L 11/06/2025 - 21:15:21: "TrueOSmium<2><[U:1:476639810]><TERRORIST>" attacked "Wyatt<3><BOT><CT>" with "env_particlesmokegrenade" (damage "47") (damage_armor "18") (health "78") (armor "81") (hitgroup "generic")
L 11/06/2025 - 21:15:21: "TrueOSmium<2><[U:1:476639810]><TERRORIST>" attacked "Dean<6><BOT><CT>" with "env_particlesmokegrenade" (damage "47") (damage_armor "18") (health "0") (armor "43") (hitgroup "generic")
L 11/06/2025 - 21:15:21: "TrueOSmium<2><[U:1:476639810]><TERRORIST>" killed "Dean<6><BOT><CT>" with "env_particlesmokegrenade"
L 11/06/2025 - 21:15:21: "TrueOSmium<2><[U:1:476639810]><TERRORIST>" attacked "Wyatt<3><BOT><CT>" with "env_particlesmokegrenade" (damage "47") (damage_armor "18") (health "31") (armor "62") (hitgroup "generic")
L 11/06/2025 - 21:15:22: "TrueOSmium<2><[U:1:476639810]><TERRORIST>" attacked "Dennis<20><BOT><TERRORIST>" with "p228" (damage "5") (damage_armor "2") (health "120") (armor "97") (hitgroup "chest")
L 11/06/2025 - 21:15:22: "Martin<11><BOT><TERRORIST>" attacked "Adrian<10><BOT><CT>" with "glock" (damage "9") (damage_armor "3") (health "82") (armor "79") (hitgroup "right arm")
L 11/06/2025 - 21:15:22: "Tom<16><BOT><TERRORIST>" attacked "Wyatt<3><BOT><CT>" with "glock" (damage "14") (damage_armor "5") (health "17") (armor "56") (hitgroup "left arm")
L 11/06/2025 - 21:15:23: "Martin<11><BOT><TERRORIST>" attacked "Adrian<10><BOT><CT>" with "glock" (damage "11") (damage_armor "4") (health "71") (armor "74") (hitgroup "stomach")
L 11/06/2025 - 21:15:23: "TrueOSmium<2><[U:1:476639810]><TERRORIST>" attacked "Wyatt<3><BOT><CT>" with "env_particlesmokegrenade" (damage "47") (damage_armor "18") (health "0") (armor "37") (hitgroup "left arm")
L 11/06/2025 - 21:15:23: "TrueOSmium<2><[U:1:476639810]><TERRORIST>" killed "Wyatt<3><BOT><CT>" with "env_particlesmokegrenade"
L 11/06/2025 - 21:15:23: "Martin<11><BOT><TERRORIST>" attacked "Adrian<10><BOT><CT>" with "glock" (damage "11") (damage_armor "4") (health "60") (armor "69") (hitgroup "stomach")
L 11/06/2025 - 21:15:23: "Martin<11><BOT><TERRORIST>" attacked "Adrian<10><BOT><CT>" with "glock" (damage "13") (damage_armor "0") (health "47") (armor "69") (hitgroup "left leg")
L 11/06/2025 - 21:15:24: "Martin<11><BOT><TERRORIST>" attacked "Adrian<10><BOT><CT>" with "glock" (damage "13") (damage_armor "0") (health "34") (armor "69") (hitgroup "left leg")
L 11/06/2025 - 21:15:24: "Adrian<10><BOT><CT>" attacked "Martin<11><BOT><TERRORIST>" with "usp" (damage "11") (damage_armor "5") (health "68") (armor "79") (hitgroup "chest")
L 11/06/2025 - 21:15:24: "Adrian<10><BOT><CT>" attacked "Martin<11><BOT><TERRORIST>" with "usp" (damage "16") (damage_armor "0") (health "52") (armor "79") (hitgroup "left leg")
L 11/06/2025 - 21:15:25: "Martin<11><BOT><TERRORIST>" attacked "Adrian<10><BOT><CT>" with "glock" (damage "11") (damage_armor "4") (health "23") (armor "64") (hitgroup "stomach")
L 11/06/2025 - 21:15:25: "Adrian<10><BOT><CT>" attacked "Martin<11><BOT><TERRORIST>" with "usp" (damage "16") (damage_armor "0") (health "36") (armor "79") (hitgroup "left leg")
L 11/06/2025 - 21:15:25: "Martin<11><BOT><TERRORIST>" attacked "Adrian<10><BOT><CT>" with "glock" (damage "11") (damage_armor "4") (health "12") (armor "59") (hitgroup "stomach")
L 11/06/2025 - 21:15:25: "Martin<11><BOT><TERRORIST>" attacked "Adrian<10><BOT><CT>" with "glock" (damage "9") (damage_armor "3") (health "3") (armor "55") (hitgroup "left arm")
L 11/06/2025 - 21:15:25: "Adrian<10><BOT><CT>" attacked "Martin<11><BOT><TERRORIST>" with "usp" (damage "14") (damage_armor "6") (health "22") (armor "72") (hitgroup "stomach")
L 11/06/2025 - 21:15:26: "Wade<15><BOT><CT>" attacked "Mike<13><BOT><TERRORIST>" with "usp" (damage "12") (damage_armor "5") (health "113") (armor "94") (hitgroup "stomach")
L 11/06/2025 - 21:15:26: "Adrian<10><BOT><CT>" attacked "Martin<11><BOT><TERRORIST>" with "usp" (damage "11") (damage_armor "5") (health "11") (armor "66") (hitgroup "chest")
L 11/06/2025 - 21:15:26: "Tom<16><BOT><TERRORIST>" attacked "Wade<15><BOT><CT>" with "glock" (damage "9") (damage_armor "0") (health "116") (armor "100") (hitgroup "left leg")
L 11/06/2025 - 21:15:26: "Adrian<10><BOT><CT>" attacked "Martin<11><BOT><TERRORIST>" with "usp" (damage "11") (damage_armor "5") (health "0") (armor "60") (hitgroup "right arm")
L 11/06/2025 - 21:15:26: "Adrian<10><BOT><CT>" killed "Martin<11><BOT><TERRORIST>" with "usp"
L 11/06/2025 - 21:15:26: "Wade<15><BOT><CT>" attacked "Tom<16><BOT><TERRORIST>" with "usp" (damage "14") (damage_armor "6") (health "111") (armor "93") (hitgroup "stomach")
L 11/06/2025 - 21:15:27: "Tom<16><BOT><TERRORIST>" attacked "Wade<15><BOT><CT>" with "glock" (damage "9") (damage_armor "3") (health "107") (armor "96") (hitgroup "stomach")
L 11/06/2025 - 21:15:27: "Tom<16><BOT><TERRORIST>" attacked "Wade<15><BOT><CT>" with "glock" (damage "8") (damage_armor "3") (health "99") (armor "92") (hitgroup "chest")
L 11/06/2025 - 21:15:29: "Mike<13><BOT><TERRORIST>" attacked "Wade<15><BOT><CT>" with "glock" (damage "7") (damage_armor "3") (health "92") (armor "88") (hitgroup "stomach")
L 11/06/2025 - 21:15:30: "Calvin<9><BOT><CT>" attacked "Bill<7><BOT><TERRORIST>" with "usp" (damage "13") (damage_armor "0") (health "112") (armor "100") (hitgroup "right leg")
L 11/06/2025 - 21:15:30: "Mike<13><BOT><TERRORIST>" attacked "Wade<15><BOT><CT>" with "glock" (damage "9") (damage_armor "4") (health "83") (armor "83") (hitgroup "left arm")
L 11/06/2025 - 21:15:30: "Tom<16><BOT><TERRORIST>" attacked "Wade<15><BOT><CT>" with "glock" (damage "9") (damage_armor "3") (health "74") (armor "79") (hitgroup "left arm")
L 11/06/2025 - 21:15:30: "Calvin<9><BOT><CT>" attacked "Bill<7><BOT><TERRORIST>" with "usp" (damage "13") (damage_armor "0") (health "99") (armor "100") (hitgroup "right leg")
L 11/06/2025 - 21:15:30: "TrueOSmium<2><[U:1:476639810]><TERRORIST>" attacked "Wade<15><BOT><CT>" with "p228" (damage "13") (damage_armor "5") (health "61") (armor "73") (hitgroup "left arm")
L 11/06/2025 - 21:15:31: "Calvin<9><BOT><CT>" attacked "Bill<7><BOT><TERRORIST>" with "usp" (damage "13") (damage_armor "0") (health "86") (armor "100") (hitgroup "right leg")
L 11/06/2025 - 21:15:31: "Tom<16><BOT><TERRORIST>" attacked "Wade<15><BOT><CT>" with "glock" (damage "8") (damage_armor "3") (health "53") (armor "69") (hitgroup "left arm")
L 11/06/2025 - 21:15:31: "Tom<16><BOT><TERRORIST>" attacked "Wade<15><BOT><CT>" with "glock" (damage "11") (damage_armor "4") (health "42") (armor "64") (hitgroup "stomach")
L 11/06/2025 - 21:15:31: "Calvin<9><BOT><CT>" attacked "Bill<7><BOT><TERRORIST>" with "usp" (damage "13") (damage_armor "0") (health "73") (armor "100") (hitgroup "right leg")
L 11/06/2025 - 21:15:31: "Tom<16><BOT><TERRORIST>" attacked "Wade<15><BOT><CT>" with "glock" (damage "8") (damage_armor "3") (health "34") (armor "60") (hitgroup "chest")
L 11/06/2025 - 21:15:32: "TrueOSmium<2><[U:1:476639810]><TERRORIST>" attacked "Wade<15><BOT><CT>" with "p228" (damage "11") (damage_armor "4") (health "23") (armor "55") (hitgroup "chest")
L 11/06/2025 - 21:15:32: "Mike<13><BOT><TERRORIST>" attacked "Wade<15><BOT><CT>" with "glock" (damage "6") (damage_armor "2") (health "17") (armor "52") (hitgroup "chest")
L 11/06/2025 - 21:15:32: "Alfred<4><BOT><TERRORIST>" triggered "Planted_The_Bomb"
L 11/06/2025 - 21:15:33: "Mike<13><BOT><TERRORIST>" attacked "Wade<15><BOT><CT>" with "glock" (damage "6") (damage_armor "2") (health "11") (armor "49") (hitgroup "chest")
L 11/06/2025 - 21:15:34: "Bill<7><BOT><TERRORIST>" attacked "Tom<16><BOT><TERRORIST>" with "glock" (damage "37") (damage_armor "0") (health "74") (armor "93") (hitgroup "head")
L 11/06/2025 - 21:15:35: "Bill<7><BOT><TERRORIST>" attacked "Wade<15><BOT><CT>" with "glock" (damage "61") (damage_armor "0") (health "0") (armor "49") (hitgroup "head")
L 11/06/2025 - 21:15:35: "Bill<7><BOT><TERRORIST>" killed "Wade<15><BOT><CT>" with "glock" (headshot)
L 11/06/2025 - 21:15:35: "Calvin<9><BOT><CT>" attacked "Dennis<20><BOT><TERRORIST>" with "usp" (damage "9") (damage_armor "4") (health "111") (armor "92") (hitgroup "chest")
L 11/06/2025 - 21:15:35: "Calvin<9><BOT><CT>" attacked "Dennis<20><BOT><TERRORIST>" with "usp" (damage "13") (damage_armor "0") (health "98") (armor "92") (hitgroup "left leg")
L 11/06/2025 - 21:15:39: "Dennis<20><BOT><TERRORIST>" attacked "Calvin<9><BOT><CT>" with "glock" (damage "7") (damage_armor "3") (health "118") (armor "96") (hitgroup "left arm")
L 11/06/2025 - 21:15:39: "TrueOSmium<2><[U:1:476639810]><TERRORIST>" attacked "Calvin<9><BOT><CT>" with "p228" (damage "12") (damage_armor "5") (health "106") (armor "90") (hitgroup "stomach")
L 11/06/2025 - 21:15:39: "Dennis<20><BOT><TERRORIST>" attacked "Calvin<9><BOT><CT>" with "glock" (damage "9") (damage_armor "3") (health "97") (armor "86") (hitgroup "stomach")
L 11/06/2025 - 21:15:39: "TrueOSmium<2><[U:1:476639810]><TERRORIST>" attacked "Calvin<9><BOT><CT>" with "p228" (damage "73") (damage_armor "0") (health "24") (armor "86") (hitgroup "head")
L 11/06/2025 - 21:15:39: "Dennis<20><BOT><TERRORIST>" attacked "Calvin<9><BOT><CT>" with "glock" (damage "55") (damage_armor "0") (health "0") (armor "86") (hitgroup "head")
L 11/06/2025 - 21:15:39: "Dennis<20><BOT><TERRORIST>" killed "Calvin<9><BOT><CT>" with "glock" (headshot)
L 11/06/2025 - 21:15:43: "TrueOSmium<2><[U:1:476639810]><TERRORIST>" attacked "Dennis<20><BOT><TERRORIST>" with "p228" (damage "45") (damage_armor "0") (health "53") (armor "92") (hitgroup "head")
L 11/06/2025 - 21:15:44: "TrueOSmium<2><[U:1:476639810]><TERRORIST>" attacked "Dennis<20><BOT><TERRORIST>" with "p228" (damage "46") (damage_armor "0") (health "7") (armor "92") (hitgroup "head")
L 11/06/2025 - 21:15:45: "TrueOSmium<2><[U:1:476639810]><TERRORIST>" attacked "Dennis<20><BOT><TERRORIST>" with "p228" (damage "46") (damage_armor "0") (health "0") (armor "92") (hitgroup "head")
L 11/06/2025 - 21:15:45: "TrueOSmium<2><[U:1:476639810]><TERRORIST>" killed "Dennis<20><BOT><TERRORIST>" with "p228" (headshot)
L 11/06/2025 - 21:16:18: Team "TERRORIST" triggered "Target_Bombed" (CT "0") (T "1")
L 11/06/2025 - 21:16:18: Team "CT" scored "0" with "10" players
L 11/06/2025 - 21:16:18: Team "TERRORIST" scored "1" with "11" players
L 11/06/2025 - 21:16:18: World triggered "Round_End"
L 11/06/2025 - 21:16:18: "Adrian<10><BOT><CT>" attacked "TrueOSmium<2><[U:1:476639810]><TERRORIST>" with "usp" (damage "14") (damage_armor "6") (health "174") (armor "168") (hitgroup "chest")
L 11/06/2025 - 21:16:19: "Adrian<10><BOT><CT>" attacked "TrueOSmium<2><[U:1:476639810]><TERRORIST>" with "usp" (damage "14") (damage_armor "6") (health "160") (armor "161") (hitgroup "left arm")
L 11/06/2025 - 21:16:19: "TrueOSmium<2><[U:1:476639810]><TERRORIST>" attacked "Adrian<10><BOT><CT>" with "p228" (damage "17") (damage_armor "7") (health "0") (armor "47") (hitgroup "left arm")
L 11/06/2025 - 21:16:19: "TrueOSmium<2><[U:1:476639810]><TERRORIST>" killed "Adrian<10><BOT><CT>" with "p228"
L 11/06/2025 - 21:16:23: "Bill<7><BOT><TERRORIST>" triggered "Got_The_Bomb"
L 11/06/2025 - 21:16:31: server_cvar: "sv_cheats" "1"
L 11/06/2025 - 21:16:35: World triggered "Round_Start"
L 11/06/2025 - 21:17:14: "TrueOSmium<2><[U:1:476639810]><TERRORIST>" attacked "Perry<21><BOT><CT>" with "knife" (damage "32") (damage_armor "16") (health "93") (armor "83") (hitgroup "generic")
L 11/06/2025 - 21:17:15: "TrueOSmium<2><[U:1:476639810]><TERRORIST>" attacked "Perry<21><BOT><CT>" with "knife" (damage "32") (damage_armor "16") (health "61") (armor "66") (hitgroup "generic")
L 11/06/2025 - 21:17:16: "TrueOSmium<2><[U:1:476639810]><TERRORIST>" attacked "Perry<21><BOT><CT>" with "knife" (damage "32") (damage_armor "16") (health "29") (armor "49") (hitgroup "generic")
L 11/06/2025 - 21:17:17: "TrueOSmium<2><[U:1:476639810]><TERRORIST>" attacked "Perry<21><BOT><CT>" with "knife" (damage "32") (damage_armor "16") (health "0") (armor "32") (hitgroup "generic")
L 11/06/2025 - 21:17:17: "TrueOSmium<2><[U:1:476639810]><TERRORIST>" killed "Perry<21><BOT><CT>" with "knife"
L 11/06/2025 - 21:17:18: "TrueOSmium<2><[U:1:476639810]><TERRORIST>" attacked "Dean<6><BOT><CT>" with "knife" (damage "32") (damage_armor "16") (health "93") (armor "83") (hitgroup "generic")
L 11/06/2025 - 21:17:20: "TrueOSmium<2><[U:1:476639810]><TERRORIST>" attacked "Dean<6><BOT><CT>" with "knife" (damage "32") (damage_armor "16") (health "61") (armor "66") (hitgroup "generic")
L 11/06/2025 - 21:17:21: "TrueOSmium<2><[U:1:476639810]><TERRORIST>" attacked "Dean<6><BOT><CT>" with "knife" (damage "32") (damage_armor "16") (health "29") (armor "49") (hitgroup "generic")
L 11/06/2025 - 21:17:22: "TrueOSmium<2><[U:1:476639810]><TERRORIST>" attacked "Dean<6><BOT><CT>" with "knife" (damage "32") (damage_armor "16") (health "0") (armor "32") (hitgroup "generic")
L 11/06/2025 - 21:17:22: "TrueOSmium<2><[U:1:476639810]><TERRORIST>" killed "Dean<6><BOT><CT>" with "knife"
L 11/06/2025 - 21:17:23: "TrueOSmium<2><[U:1:476639810]><TERRORIST>" attacked "Calvin<9><BOT><CT>" with "knife" (damage "32") (damage_armor "16") (health "93") (armor "83") (hitgroup "generic")
L 11/06/2025 - 21:17:24: "TrueOSmium<2><[U:1:476639810]><TERRORIST>" attacked "Calvin<9><BOT><CT>" with "knife" (damage "32") (damage_armor "16") (health "61") (armor "66") (hitgroup "generic")
L 11/06/2025 - 21:17:25: "TrueOSmium<2><[U:1:476639810]><TERRORIST>" attacked "Calvin<9><BOT><CT>" with "knife" (damage "32") (damage_armor "16") (health "29") (armor "49") (hitgroup "generic")
L 11/06/2025 - 21:17:27: "TrueOSmium<2><[U:1:476639810]><TERRORIST>" attacked "Calvin<9><BOT><CT>" with "knife" (damage "32") (damage_armor "16") (health "0") (armor "32") (hitgroup "generic")
L 11/06/2025 - 21:17:27: "TrueOSmium<2><[U:1:476639810]><TERRORIST>" killed "Calvin<9><BOT><CT>" with "knife"
L 11/06/2025 - 21:17:28: "TrueOSmium<2><[U:1:476639810]><TERRORIST>" attacked "Adrian<10><BOT><CT>" with "knife" (damage "32") (damage_armor "16") (health "93") (armor "83") (hitgroup "generic")
L 11/06/2025 - 21:17:29: "TrueOSmium<2><[U:1:476639810]><TERRORIST>" attacked "Adrian<10><BOT><CT>" with "knife" (damage "32") (damage_armor "16") (health "61") (armor "66") (hitgroup "generic")
L 11/06/2025 - 21:17:30: "TrueOSmium<2><[U:1:476639810]><TERRORIST>" attacked "Adrian<10><BOT><CT>" with "knife" (damage "32") (damage_armor "16") (health "29") (armor "49") (hitgroup "generic")
L 11/06/2025 - 21:17:31: "TrueOSmium<2><[U:1:476639810]><TERRORIST>" attacked "Adrian<10><BOT><CT>" with "knife" (damage "32") (damage_armor "16") (health "0") (armor "32") (hitgroup "generic")
L 11/06/2025 - 21:17:31: "TrueOSmium<2><[U:1:476639810]><TERRORIST>" killed "Adrian<10><BOT><CT>" with "knife"
L 11/06/2025 - 21:17:37: "TrueOSmium<2><[U:1:476639810]><TERRORIST>" attacked "Wyatt<3><BOT><CT>" with "m3" (damage "43") (damage_armor "20") (health "82") (armor "78") (hitgroup "head")
L 11/06/2025 - 21:17:37: "TrueOSmium<2><[U:1:476639810]><TERRORIST>" attacked "Wyatt<3><BOT><CT>" with "m3" (damage "43") (damage_armor "20") (health "39") (armor "57") (hitgroup "head")
L 11/06/2025 - 21:17:37: "TrueOSmium<2><[U:1:476639810]><TERRORIST>" attacked "Wyatt<3><BOT><CT>" with "m3" (damage "43") (damage_armor "20") (health "0") (armor "36") (hitgroup "head")
L 11/06/2025 - 21:17:37: "TrueOSmium<2><[U:1:476639810]><TERRORIST>" killed "Wyatt<3><BOT><CT>" with "m3" (headshot)
L 11/06/2025 - 21:17:40: "TrueOSmium<2><[U:1:476639810]><TERRORIST>" attacked "Norm<12><BOT><CT>" with "m3" (damage "39") (damage_armor "18") (health "86") (armor "80") (hitgroup "head")
L 11/06/2025 - 21:17:40: "TrueOSmium<2><[U:1:476639810]><TERRORIST>" attacked "Norm<12><BOT><CT>" with "m3" (damage "39") (damage_armor "18") (health "47") (armor "61") (hitgroup "head")
L 11/06/2025 - 21:17:40: "TrueOSmium<2><[U:1:476639810]><TERRORIST>" attacked "Norm<12><BOT><CT>" with "m3" (damage "39") (damage_armor "18") (health "8") (armor "42") (hitgroup "head")
L 11/06/2025 - 21:17:40: "TrueOSmium<2><[U:1:476639810]><TERRORIST>" attacked "Norm<12><BOT><CT>" with "m3" (damage "39") (damage_armor "18") (health "0") (armor "23") (hitgroup "head")
L 11/06/2025 - 21:17:40: "TrueOSmium<2><[U:1:476639810]><TERRORIST>" killed "Norm<12><BOT><CT>" with "m3" (headshot)
L 11/06/2025 - 21:17:41: "TrueOSmium<2><[U:1:476639810]><TERRORIST>" attacked "Dan<5><BOT><CT>" with "m3" (damage "48") (damage_armor "22") (health "77") (armor "76") (hitgroup "head")
L 11/06/2025 - 21:17:41: "TrueOSmium<2><[U:1:476639810]><TERRORIST>" attacked "Dan<5><BOT><CT>" with "m3" (damage "48") (damage_armor "22") (health "29") (armor "53") (hitgroup "head")
L 11/06/2025 - 21:17:41: "TrueOSmium<2><[U:1:476639810]><TERRORIST>" attacked "Dan<5><BOT><CT>" with "m3" (damage "48") (damage_armor "22") (health "0") (armor "30") (hitgroup "head")
L 11/06/2025 - 21:17:41: "TrueOSmium<2><[U:1:476639810]><TERRORIST>" killed "Dan<5><BOT><CT>" with "m3" (headshot)
L 11/06/2025 - 21:17:42: "TrueOSmium<2><[U:1:476639810]><TERRORIST>" attacked "Chris<19><BOT><CT>" with "m3" (damage "41") (damage_armor "19") (health "84") (armor "79") (hitgroup "head")
L 11/06/2025 - 21:17:42: "TrueOSmium<2><[U:1:476639810]><TERRORIST>" attacked "Chris<19><BOT><CT>" with "m3" (damage "41") (damage_armor "19") (health "43") (armor "59") (hitgroup "head")
L 11/06/2025 - 21:17:42: "TrueOSmium<2><[U:1:476639810]><TERRORIST>" attacked "Chris<19><BOT><CT>" with "m3" (damage "41") (damage_armor "19") (health "2") (armor "39") (hitgroup "head")
L 11/06/2025 - 21:17:42: "TrueOSmium<2><[U:1:476639810]><TERRORIST>" attacked "Chris<19><BOT><CT>" with "m3" (damage "41") (damage_armor "19") (health "0") (armor "19") (hitgroup "head")
L 11/06/2025 - 21:17:42: "TrueOSmium<2><[U:1:476639810]><TERRORIST>" killed "Chris<19><BOT><CT>" with "m3" (headshot)
L 11/06/2025 - 21:17:45: "TrueOSmium<2><[U:1:476639810]><TERRORIST>" attacked "Tim<17><BOT><CT>" with "knife" (damage "32") (damage_armor "16") (health "93") (armor "83") (hitgroup "generic")
L 11/06/2025 - 21:17:47: "TrueOSmium<2><[U:1:476639810]><TERRORIST>" attacked "Tim<17><BOT><CT>" with "knife" (damage "32") (damage_armor "16") (health "61") (armor "66") (hitgroup "generic")
L 11/06/2025 - 21:17:48: "TrueOSmium<2><[U:1:476639810]><TERRORIST>" attacked "Tim<17><BOT><CT>" with "knife" (damage "32") (damage_armor "16") (health "29") (armor "49") (hitgroup "generic")
L 11/06/2025 - 21:17:49: "TrueOSmium<2><[U:1:476639810]><TERRORIST>" attacked "Wade<15><BOT><CT>" with "knife" (damage "32") (damage_armor "16") (health "93") (armor "83") (hitgroup "generic")
L 11/06/2025 - 21:17:50: "TrueOSmium<2><[U:1:476639810]><TERRORIST>" attacked "Wade<15><BOT><CT>" with "knife" (damage "32") (damage_armor "16") (health "61") (armor "66") (hitgroup "generic")
L 11/06/2025 - 21:17:51: "TrueOSmium<2><[U:1:476639810]><TERRORIST>" attacked "Wade<15><BOT><CT>" with "knife" (damage "32") (damage_armor "16") (health "29") (armor "49") (hitgroup "generic")
L 11/06/2025 - 21:17:55: "TrueOSmium<2><[U:1:476639810]><TERRORIST>" attacked "Wade<15><BOT><CT>" with "hegrenade" (damage "27") (damage_armor "12") (health "2") (armor "36") (hitgroup "generic")
L 11/06/2025 - 21:17:55: "TrueOSmium<2><[U:1:476639810]><TERRORIST>" attacked "Tim<17><BOT><CT>" with "hegrenade" (damage "37") (damage_armor "17") (health "0") (armor "31") (hitgroup "generic")
L 11/06/2025 - 21:17:55: "TrueOSmium<2><[U:1:476639810]><TERRORIST>" killed "Tim<17><BOT><CT>" with "hegrenade"
L 11/06/2025 - 21:17:59: "TrueOSmium<2><[U:1:476639810]><TERRORIST>" attacked "Wade<15><BOT><CT>" with "hegrenade" (damage "47") (damage_armor "21") (health "0") (armor "14") (hitgroup "generic")
L 11/06/2025 - 21:17:59: "TrueOSmium<2><[U:1:476639810]><TERRORIST>" killed "Wade<15><BOT><CT>" with "hegrenade"
L 11/06/2025 - 21:17:59: Team "TERRORIST" triggered "Terrorists_Win" (CT "0") (T "2")
L 11/06/2025 - 21:17:59: Team "CT" scored "0" with "10" players
L 11/06/2025 - 21:17:59: Team "TERRORIST" scored "2" with "11" players
L 11/06/2025 - 21:17:59: World triggered "Round_End"
L 11/06/2025 - 21:18:04: "Derek<8><BOT><TERRORIST>" triggered "Got_The_Bomb"
L 11/06/2025 - 21:18:16: World triggered "Round_Start"
L 11/06/2025 - 21:18:17: "TrueOSmium<2><[U:1:476639810]><TERRORIST>" attacked "Dennis<20><BOT><TERRORIST>" with "awp" (damage "115") (damage_armor "1") (health "10") (armor "99") (hitgroup "left arm")
L 11/06/2025 - 21:18:19: "TrueOSmium<2><[U:1:476639810]><TERRORIST>" attacked "Dennis<20><BOT><TERRORIST>" with "awp" (damage "461") (damage_armor "1") (health "0") (armor "98") (hitgroup "head")
L 11/06/2025 - 21:18:19: "TrueOSmium<2><[U:1:476639810]><TERRORIST>" killed "Dennis<20><BOT><TERRORIST>" with "awp" (headshot)
L 11/06/2025 - 21:18:21: "TrueOSmium<2><[U:1:476639810]><TERRORIST>" attacked "Ron<18><BOT><TERRORIST>" with "awp" (damage "461") (damage_armor "1") (health "0") (armor "99") (hitgroup "head")
L 11/06/2025 - 21:18:21: "TrueOSmium<2><[U:1:476639810]><TERRORIST>" killed "Ron<18><BOT><TERRORIST>" with "awp" (headshot)
L 11/06/2025 - 21:18:24: "TrueOSmium<2><[U:1:476639810]><TERRORIST>" attacked "Tom<16><BOT><TERRORIST>" with "awp" (damage "461") (damage_armor "1") (health "0") (armor "99") (hitgroup "head")
L 11/06/2025 - 21:18:24: "TrueOSmium<2><[U:1:476639810]><TERRORIST>" killed "Tom<16><BOT><TERRORIST>" with "awp" (headshot)
L 11/06/2025 - 21:18:48: "TrueOSmium<2><[U:1:476639810]><TERRORIST>" attacked "Tim<17><BOT><CT>" with "awp" (damage "329") (damage_armor "1") (health "0") (armor "99") (hitgroup "right arm")
L 11/06/2025 - 21:18:48: "TrueOSmium<2><[U:1:476639810]><TERRORIST>" killed "Tim<17><BOT><CT>" with "awp"
L 11/06/2025 - 21:18:48: "TrueOSmium<2><[U:1:476639810]><TERRORIST>" attacked "Norm<12><BOT><CT>" with "awp" (damage "164") (damage_armor "1") (health "0") (armor "99") (hitgroup "chest")
L 11/06/2025 - 21:18:48: "TrueOSmium<2><[U:1:476639810]><TERRORIST>" killed "Norm<12><BOT><CT>" with "awp"
L 11/06/2025 - 21:18:48: "TrueOSmium<2><[U:1:476639810]><TERRORIST>" attacked "Calvin<9><BOT><CT>" with "awp" (damage "82") (damage_armor "1") (health "43") (armor "99") (hitgroup "chest")
L 11/06/2025 - 21:18:52: "TrueOSmium<2><[U:1:476639810]><TERRORIST>" attacked "Calvin<9><BOT><CT>" with "awp" (damage "329") (damage_armor "1") (health "0") (armor "98") (hitgroup "chest")
L 11/06/2025 - 21:18:52: "TrueOSmium<2><[U:1:476639810]><TERRORIST>" killed "Calvin<9><BOT><CT>" with "awp"
L 11/06/2025 - 21:18:52: "TrueOSmium<2><[U:1:476639810]><TERRORIST>" attacked "Perry<21><BOT><CT>" with "awp" (damage "164") (damage_armor "1") (health "0") (armor "99") (hitgroup "right arm")
L 11/06/2025 - 21:18:52: "TrueOSmium<2><[U:1:476639810]><TERRORIST>" killed "Perry<21><BOT><CT>" with "awp"
L 11/06/2025 - 21:18:52: "TrueOSmium<2><[U:1:476639810]><TERRORIST>" attacked "Adrian<10><BOT><CT>" with "awp" (damage "82") (damage_armor "1") (health "43") (armor "99") (hitgroup "chest")
L 11/06/2025 - 21:18:52: "TrueOSmium<2><[U:1:476639810]><TERRORIST>" attacked "Wade<15><BOT><CT>" with "awp" (damage "41") (damage_armor "1") (health "84") (armor "99") (hitgroup "chest")
L 11/06/2025 - 21:18:52: "TrueOSmium<2><[U:1:476639810]><TERRORIST>" attacked "Chris<19><BOT><CT>" with "awp" (damage "20") (damage_armor "1") (health "105") (armor "99") (hitgroup "chest")
L 11/06/2025 - 21:18:54: "TrueOSmium<2><[U:1:476639810]><TERRORIST>" attacked "Adrian<10><BOT><CT>" with "awp" (damage "329") (damage_armor "1") (health "0") (armor "98") (hitgroup "chest")
L 11/06/2025 - 21:18:54: "TrueOSmium<2><[U:1:476639810]><TERRORIST>" killed "Adrian<10><BOT><CT>" with "awp"
L 11/06/2025 - 21:18:54: "TrueOSmium<2><[U:1:476639810]><TERRORIST>" attacked "Wade<15><BOT><CT>" with "awp" (damage "205") (damage_armor "1") (health "0") (armor "98") (hitgroup "stomach")
L 11/06/2025 - 21:18:54: "TrueOSmium<2><[U:1:476639810]><TERRORIST>" killed "Wade<15><BOT><CT>" with "awp"
L 11/06/2025 - 21:18:54: "TrueOSmium<2><[U:1:476639810]><TERRORIST>" attacked "Chris<19><BOT><CT>" with "awp" (damage "102") (damage_armor "1") (health "3") (armor "98") (hitgroup "stomach")
L 11/06/2025 - 21:18:56: "TrueOSmium<2><[U:1:476639810]><TERRORIST>" attacked "Chris<19><BOT><CT>" with "awp" (damage "411") (damage_armor "1") (health "0") (armor "97") (hitgroup "stomach")
L 11/06/2025 - 21:18:56: "TrueOSmium<2><[U:1:476639810]><TERRORIST>" killed "Chris<19><BOT><CT>" with "awp"
L 11/06/2025 - 21:19:04: "TrueOSmium<2><[U:1:476639810]><TERRORIST>" attacked "Wyatt<3><BOT><CT>" with "awp" (damage "329") (damage_armor "1") (health "0") (armor "99") (hitgroup "chest")
L 11/06/2025 - 21:19:04: "TrueOSmium<2><[U:1:476639810]><TERRORIST>" killed "Wyatt<3><BOT><CT>" with "awp"
L 11/06/2025 - 21:19:04: "TrueOSmium<2><[U:1:476639810]><TERRORIST>" attacked "Dean<6><BOT><CT>" with "awp" (damage "164") (damage_armor "1") (health "0") (armor "99") (hitgroup "chest")
L 11/06/2025 - 21:19:04: "TrueOSmium<2><[U:1:476639810]><TERRORIST>" killed "Dean<6><BOT><CT>" with "awp"
L 11/06/2025 - 21:19:11: "TrueOSmium<2><[U:1:476639810]><TERRORIST>" attacked "Dan<5><BOT><CT>" with "p228" (damage "23") (damage_armor "9") (health "102") (armor "90") (hitgroup "stomach")
L 11/06/2025 - 21:19:12: "TrueOSmium<2><[U:1:476639810]><TERRORIST>" attacked "Dan<5><BOT><CT>" with "p228" (damage "23") (damage_armor "9") (health "79") (armor "80") (hitgroup "stomach")
L 11/06/2025 - 21:19:13: "TrueOSmium<2><[U:1:476639810]><TERRORIST>" attacked "Dan<5><BOT><CT>" with "p228" (damage "23") (damage_armor "9") (health "56") (armor "70") (hitgroup "stomach")
L 11/06/2025 - 21:19:14: "TrueOSmium<2><[U:1:476639810]><TERRORIST>" attacked "Dan<5><BOT><CT>" with "p228" (damage "23") (damage_armor "9") (health "33") (armor "60") (hitgroup "stomach")
L 11/06/2025 - 21:19:18: "TrueOSmium<2><[U:1:476639810]><TERRORIST>" attacked "Dan<5><BOT><CT>" with "hegrenade" (damage "44") (damage_armor "20") (health "0") (armor "39") (hitgroup "generic")
L 11/06/2025 - 21:19:18: "TrueOSmium<2><[U:1:476639810]><TERRORIST>" killed "Dan<5><BOT><CT>" with "hegrenade"
L 11/06/2025 - 21:19:18: Team "TERRORIST" triggered "Terrorists_Win" (CT "0") (T "3")
L 11/06/2025 - 21:19:18: Team "CT" scored "0" with "10" players
L 11/06/2025 - 21:19:18: Team "TERRORIST" scored "3" with "11" players
L 11/06/2025 - 21:19:18: World triggered "Round_End"
L 11/06/2025 - 21:19:25: "Martin<11><BOT><TERRORIST>" triggered "Got_The_Bomb"
L 11/06/2025 - 21:19:37: World triggered "Round_Start"
L 11/06/2025 - 21:19:58: "TrueOSmium<2><[U:1:476639810]><TERRORIST>" attacked "Perry<21><BOT><CT>" with "knife" (damage "32") (damage_armor "16") (health "93") (armor "83") (hitgroup "generic")
L 11/06/2025 - 21:19:59: "TrueOSmium<2><[U:1:476639810]><TERRORIST>" attacked "Perry<21><BOT><CT>" with "knife" (damage "32") (damage_armor "16") (health "61") (armor "66") (hitgroup "generic")
L 11/06/2025 - 21:20:00: "TrueOSmium<2><[U:1:476639810]><TERRORIST>" attacked "Perry<21><BOT><CT>" with "knife" (damage "32") (damage_armor "16") (health "29") (armor "49") (hitgroup "generic")
L 11/06/2025 - 21:20:01: "TrueOSmium<2><[U:1:476639810]><TERRORIST>" attacked "Perry<21><BOT><CT>" with "knife" (damage "7") (damage_armor "3") (health "22") (armor "45") (hitgroup "generic")
L 11/06/2025 - 21:20:02: "TrueOSmium<2><[U:1:476639810]><TERRORIST>" attacked "Perry<21><BOT><CT>" with "knife" (damage "10") (damage_armor "5") (health "12") (armor "40") (hitgroup "generic")
L 11/06/2025 - 21:20:03: "TrueOSmium<2><[U:1:476639810]><TERRORIST>" attacked "Perry<21><BOT><CT>" with "knife" (damage "7") (damage_armor "3") (health "5") (armor "36") (hitgroup "generic")
L 11/06/2025 - 21:20:04: "TrueOSmium<2><[U:1:476639810]><TERRORIST>" attacked "Dean<6><BOT><CT>" with "knife" (damage "10") (damage_armor "5") (health "115") (armor "95") (hitgroup "generic")
L 11/06/2025 - 21:20:05: "TrueOSmium<2><[U:1:476639810]><TERRORIST>" attacked "Dean<6><BOT><CT>" with "knife" (damage "32") (damage_armor "16") (health "83") (armor "78") (hitgroup "generic")
L 11/06/2025 - 21:20:06: "TrueOSmium<2><[U:1:476639810]><TERRORIST>" attacked "Dean<6><BOT><CT>" with "knife" (damage "32") (damage_armor "16") (health "51") (armor "61") (hitgroup "generic")
L 11/06/2025 - 21:20:07: "TrueOSmium<2><[U:1:476639810]><TERRORIST>" attacked "Dean<6><BOT><CT>" with "knife" (damage "97") (damage_armor "48") (health "0") (armor "12") (hitgroup "generic")
L 11/06/2025 - 21:20:07: "TrueOSmium<2><[U:1:476639810]><TERRORIST>" killed "Dean<6><BOT><CT>" with "knife"
L 11/06/2025 - 21:20:10: "TrueOSmium<2><[U:1:476639810]><TERRORIST>" attacked "Wade<15><BOT><CT>" with "knife" (damage "97") (damage_armor "48") (health "28") (armor "51") (hitgroup "generic")
L 11/06/2025 - 21:20:13: "TrueOSmium<2><[U:1:476639810]><TERRORIST>" attacked "Wade<15><BOT><CT>" with "knife" (damage "10") (damage_armor "5") (health "18") (armor "46") (hitgroup "generic")
L 11/06/2025 - 21:20:14: "TrueOSmium<2><[U:1:476639810]><TERRORIST>" attacked "Wade<15><BOT><CT>" with "knife" (damage "7") (damage_armor "3") (health "11") (armor "42") (hitgroup "generic")
L 11/06/2025 - 21:20:17: "TrueOSmium<2><[U:1:476639810]><TERRORIST>" attacked "Tim<17><BOT><CT>" with "knife" (damage "97") (damage_armor "48") (health "28") (armor "51") (hitgroup "generic")
L 11/06/2025 - 21:20:19: "TrueOSmium<2><[U:1:476639810]><TERRORIST>" attacked "Tim<17><BOT><CT>" with "knife" (damage "7") (damage_armor "3") (health "21") (armor "47") (hitgroup "generic")
L 11/06/2025 - 21:20:19: "TrueOSmium<2><[U:1:476639810]><TERRORIST>" attacked "Tim<17><BOT><CT>" with "knife" (damage "7") (damage_armor "3") (health "14") (armor "43") (hitgroup "generic")
L 11/06/2025 - 21:20:20: "TrueOSmium<2><[U:1:476639810]><TERRORIST>" attacked "Tim<17><BOT><CT>" with "knife" (damage "7") (damage_armor "3") (health "7") (armor "39") (hitgroup "generic")
L 11/06/2025 - 21:20:22: "TrueOSmium<2><[U:1:476639810]><TERRORIST>" attacked "Chris<19><BOT><CT>" with "knife" (damage "97") (damage_armor "48") (health "28") (armor "51") (hitgroup "generic")
L 11/06/2025 - 21:20:24: "TrueOSmium<2><[U:1:476639810]><TERRORIST>" attacked "Chris<19><BOT><CT>" with "knife" (damage "7") (damage_armor "3") (health "21") (armor "47") (hitgroup "generic")
L 11/06/2025 - 21:20:24: "TrueOSmium<2><[U:1:476639810]><TERRORIST>" attacked "Chris<19><BOT><CT>" with "knife" (damage "7") (damage_armor "3") (health "14") (armor "43") (hitgroup "generic")
L 11/06/2025 - 21:20:28: "TrueOSmium<2><[U:1:476639810]><TERRORIST>" attacked "Chris<19><BOT><CT>" with "knife" (damage "10") (damage_armor "5") (health "4") (armor "38") (hitgroup "generic")
L 11/06/2025 - 21:20:30: "TrueOSmium<2><[U:1:476639810]><TERRORIST>" attacked "Norm<12><BOT><CT>" with "knife" (damage "32") (damage_armor "16") (health "93") (armor "83") (hitgroup "generic")
L 11/06/2025 - 21:20:32: "TrueOSmium<2><[U:1:476639810]><TERRORIST>" attacked "Norm<12><BOT><CT>" with "knife" (damage "97") (damage_armor "48") (health "0") (armor "34") (hitgroup "generic")
L 11/06/2025 - 21:20:32: "TrueOSmium<2><[U:1:476639810]><TERRORIST>" killed "Norm<12><BOT><CT>" with "knife"
L 11/06/2025 - 21:20:35: "TrueOSmium<2><[U:1:476639810]><TERRORIST>" attacked "Dan<5><BOT><CT>" with "knife" (damage "97") (damage_armor "48") (health "28") (armor "51") (hitgroup "generic")
L 11/06/2025 - 21:20:37: "TrueOSmium<2><[U:1:476639810]><TERRORIST>" attacked "Dan<5><BOT><CT>" with "knife" (damage "7") (damage_armor "3") (health "21") (armor "47") (hitgroup "generic")
L 11/06/2025 - 21:20:37: "TrueOSmium<2><[U:1:476639810]><TERRORIST>" attacked "Dan<5><BOT><CT>" with "knife" (damage "7") (damage_armor "3") (health "14") (armor "43") (hitgroup "generic")
L 11/06/2025 - 21:20:38: "TrueOSmium<2><[U:1:476639810]><TERRORIST>" attacked "Dan<5><BOT><CT>" with "knife" (damage "10") (damage_armor "5") (health "4") (armor "38") (hitgroup "generic")
L 11/06/2025 - 21:20:40: "TrueOSmium<2><[U:1:476639810]><TERRORIST>" attacked "Adrian<10><BOT><CT>" with "knife" (damage "97") (damage_armor "48") (health "28") (armor "51") (hitgroup "generic")
L 11/06/2025 - 21:20:42: "TrueOSmium<2><[U:1:476639810]><TERRORIST>" attacked "Adrian<10><BOT><CT>" with "knife" (damage "7") (damage_armor "3") (health "21") (armor "47") (hitgroup "generic")
L 11/06/2025 - 21:20:42: "TrueOSmium<2><[U:1:476639810]><TERRORIST>" attacked "Adrian<10><BOT><CT>" with "knife" (damage "7") (damage_armor "3") (health "14") (armor "43") (hitgroup "generic")
L 11/06/2025 - 21:20:43: "TrueOSmium<2><[U:1:476639810]><TERRORIST>" attacked "Adrian<10><BOT><CT>" with "knife" (damage "7") (damage_armor "3") (health "7") (armor "39") (hitgroup "generic")
L 11/06/2025 - 21:20:46: "TrueOSmium<2><[U:1:476639810]><TERRORIST>" attacked "Perry<21><BOT><CT>" with "hegrenade" (damage "2") (damage_armor "1") (health "3") (armor "34") (hitgroup "generic")
L 11/06/2025 - 21:20:46: "TrueOSmium<2><[U:1:476639810]><TERRORIST>" attacked "Wyatt<3><BOT><CT>" with "hegrenade" (damage "4") (damage_armor "2") (health "121") (armor "97") (hitgroup "generic")
L 11/06/2025 - 21:20:46: "TrueOSmium<2><[U:1:476639810]><TERRORIST>" attacked "Adrian<10><BOT><CT>" with "hegrenade" (damage "25") (damage_armor "11") (health "0") (armor "27") (hitgroup "generic")
L 11/06/2025 - 21:20:46: "TrueOSmium<2><[U:1:476639810]><TERRORIST>" killed "Adrian<10><BOT><CT>" with "hegrenade"
L 11/06/2025 - 21:20:46: "TrueOSmium<2><[U:1:476639810]><TERRORIST>" attacked "Calvin<9><BOT><CT>" with "hegrenade" (damage "22") (damage_armor "10") (health "103") (armor "89") (hitgroup "generic")
L 11/06/2025 - 21:20:46: "TrueOSmium<2><[U:1:476639810]><TERRORIST>" attacked "Chris<19><BOT><CT>" with "hegrenade" (damage "46") (damage_armor "21") (health "0") (armor "16") (hitgroup "generic")
L 11/06/2025 - 21:20:46: "TrueOSmium<2><[U:1:476639810]><TERRORIST>" killed "Chris<19><BOT><CT>" with "hegrenade"
L 11/06/2025 - 21:20:46: "TrueOSmium<2><[U:1:476639810]><TERRORIST>" attacked "Wade<15><BOT><CT>" with "hegrenade" (damage "12") (damage_armor "5") (health "0") (armor "36") (hitgroup "generic")
L 11/06/2025 - 21:20:46: "TrueOSmium<2><[U:1:476639810]><TERRORIST>" killed "Wade<15><BOT><CT>" with "hegrenade"
L 11/06/2025 - 21:20:46: "TrueOSmium<2><[U:1:476639810]><TERRORIST>" attacked "Tim<17><BOT><CT>" with "hegrenade" (damage "38") (damage_armor "17") (health "0") (armor "21") (hitgroup "generic")
L 11/06/2025 - 21:20:46: "TrueOSmium<2><[U:1:476639810]><TERRORIST>" killed "Tim<17><BOT><CT>" with "hegrenade"
L 11/06/2025 - 21:20:46: "TrueOSmium<2><[U:1:476639810]><TERRORIST>" attacked "Dan<5><BOT><CT>" with "hegrenade" (damage "15") (damage_armor "7") (health "0") (armor "30") (hitgroup "generic")
L 11/06/2025 - 21:20:46: "TrueOSmium<2><[U:1:476639810]><TERRORIST>" killed "Dan<5><BOT><CT>" with "hegrenade"
L 11/06/2025 - 21:20:52: "TrueOSmium<2><[U:1:476639810]><TERRORIST>" attacked "Wyatt<3><BOT><CT>" with "awp" (damage "329") (damage_armor "1") (health "0") (armor "96") (hitgroup "right arm")
L 11/06/2025 - 21:20:52: "TrueOSmium<2><[U:1:476639810]><TERRORIST>" killed "Wyatt<3><BOT><CT>" with "awp"
L 11/06/2025 - 21:20:52: "TrueOSmium<2><[U:1:476639810]><TERRORIST>" attacked "Calvin<9><BOT><CT>" with "awp" (damage "164") (damage_armor "1") (health "0") (armor "88") (hitgroup "chest")
L 11/06/2025 - 21:20:52: "TrueOSmium<2><[U:1:476639810]><TERRORIST>" killed "Calvin<9><BOT><CT>" with "awp"
L 11/06/2025 - 21:20:54: "TrueOSmium<2><[U:1:476639810]><TERRORIST>" attacked "Perry<21><BOT><CT>" with "awp" (damage "329") (damage_armor "1") (health "0") (armor "33") (hitgroup "chest")
L 11/06/2025 - 21:20:54: "TrueOSmium<2><[U:1:476639810]><TERRORIST>" killed "Perry<21><BOT><CT>" with "awp"
L 11/06/2025 - 21:20:54: Team "TERRORIST" triggered "Terrorists_Win" (CT "0") (T "4")
L 11/06/2025 - 21:20:54: Team "CT" scored "0" with "10" players
L 11/06/2025 - 21:20:54: Team "TERRORIST" scored "4" with "11" players
L 11/06/2025 - 21:20:54: World triggered "Round_End"
L 11/06/2025 - 21:21:00: "Mike<13><BOT><TERRORIST>" triggered "Got_The_Bomb"
L 11/06/2025 - 21:21:11: "TrueOSmium<2><[U:1:476639810]><TERRORIST>" say_team "!admin"
L 11/06/2025 - 21:21:12: World triggered "Round_Start"
L 11/06/2025 - 21:21:19: "Wyatt<3><BOT><CT>" disconnected (reason "Kicked by administrator")
L 11/06/2025 - 21:21:19: "Ted<23><BOT><>" connected, address "none"
L 11/06/2025 - 21:21:19: "Ted<23><BOT><Unassigned>" joined team "CT"
L 11/06/2025 - 21:21:19: "Ted<23><BOT><>" entered the game
L 11/06/2025 - 21:21:23: "Alfred<4><BOT><TERRORIST>" disconnected (reason "Kicked by administrator")
L 11/06/2025 - 21:21:23: "Ethan<24><BOT><>" connected, address "none"
L 11/06/2025 - 21:21:23: "Ethan<24><BOT><Unassigned>" joined team "CT"
L 11/06/2025 - 21:21:23: "Ethan<24><BOT><>" entered the game
L 11/06/2025 - 21:21:24: "Ted<23><BOT><CT>" disconnected (reason "Kicked by administrator")
L 11/06/2025 - 21:21:24: "Grant<25><BOT><>" connected, address "none"
L 11/06/2025 - 21:21:24: "Grant<25><BOT><Unassigned>" joined team "CT"
L 11/06/2025 - 21:21:24: "Grant<25><BOT><>" entered the game
L 11/06/2025 - 21:21:25: "Ethan<24><BOT><CT>" disconnected (reason "Kicked by administrator")
L 11/06/2025 - 21:21:25: "Yahn<26><BOT><>" connected, address "none"
L 11/06/2025 - 21:21:25: "Yahn<26><BOT><Unassigned>" joined team "CT"
L 11/06/2025 - 21:21:25: "Yahn<26><BOT><>" entered the game
L 11/06/2025 - 21:21:26: "Grant<25><BOT><CT>" disconnected (reason "Kicked by administrator")
L 11/06/2025 - 21:21:26: "Irving<27><BOT><>" connected, address "none"
L 11/06/2025 - 21:21:26: "Irving<27><BOT><Unassigned>" joined team "CT"
L 11/06/2025 - 21:21:26: "Irving<27><BOT><>" entered the game
L 11/06/2025 - 21:21:26: "Yahn<26><BOT><CT>" disconnected (reason "Kicked by administrator")
L 11/06/2025 - 21:21:26: "Jon<28><BOT><>" connected, address "none"
L 11/06/2025 - 21:21:26: "Jon<28><BOT><Unassigned>" joined team "CT"
L 11/06/2025 - 21:21:26: "Jon<28><BOT><>" entered the game
L 11/06/2025 - 21:21:27: "Irving<27><BOT><CT>" disconnected (reason "Kicked by administrator")
L 11/06/2025 - 21:21:27: "Gary<29><BOT><>" connected, address "none"
L 11/06/2025 - 21:21:27: "Gary<29><BOT><Unassigned>" joined team "CT"
L 11/06/2025 - 21:21:27: "Gary<29><BOT><>" entered the game
L 11/06/2025 - 21:21:27: "Jon<28><BOT><CT>" disconnected (reason "Kicked by administrator")
L 11/06/2025 - 21:21:27: "Dave<30><BOT><>" connected, address "none"
L 11/06/2025 - 21:21:27: "Dave<30><BOT><Unassigned>" joined team "CT"
L 11/06/2025 - 21:21:27: "Dave<30><BOT><>" entered the game
L 11/06/2025 - 21:21:28: "Gary<29><BOT><CT>" disconnected (reason "Kicked by administrator")
L 11/06/2025 - 21:21:28: "Nate<31><BOT><>" connected, address "none"
L 11/06/2025 - 21:21:28: "Nate<31><BOT><Unassigned>" joined team "CT"
L 11/06/2025 - 21:21:28: "Nate<31><BOT><>" entered the game
L 11/06/2025 - 21:21:28: "Dave<30><BOT><CT>" disconnected (reason "Kicked by administrator")
L 11/06/2025 - 21:21:28: "Ted<32><BOT><>" connected, address "none"
L 11/06/2025 - 21:21:28: "Ted<32><BOT><Unassigned>" joined team "CT"
L 11/06/2025 - 21:21:28: "Ted<32><BOT><>" entered the game
L 11/06/2025 - 21:21:28: "Nate<31><BOT><CT>" disconnected (reason "Kicked by administrator")
L 11/06/2025 - 21:21:28: "Shawn<33><BOT><>" connected, address "none"
L 11/06/2025 - 21:21:28: "Shawn<33><BOT><Unassigned>" joined team "CT"
L 11/06/2025 - 21:21:28: "Shawn<33><BOT><>" entered the game
L 11/06/2025 - 21:21:28: "Ted<32><BOT><CT>" disconnected (reason "Kicked by administrator")
L 11/06/2025 - 21:21:28: "Jason<34><BOT><>" connected, address "none"
L 11/06/2025 - 21:21:28: "Jason<34><BOT><Unassigned>" joined team "CT"
L 11/06/2025 - 21:21:28: "Jason<34><BOT><>" entered the game
L 11/06/2025 - 21:21:29: "Shawn<33><BOT><CT>" disconnected (reason "Kicked by administrator")
L 11/06/2025 - 21:21:29: "Yahn<35><BOT><>" connected, address "none"
L 11/06/2025 - 21:21:29: "Yahn<35><BOT><Unassigned>" joined team "CT"
L 11/06/2025 - 21:21:29: "Yahn<35><BOT><>" entered the game
L 11/06/2025 - 21:21:29: "Jason<34><BOT><CT>" disconnected (reason "Kicked by administrator")
L 11/06/2025 - 21:21:29: "Kevin<36><BOT><>" connected, address "none"
L 11/06/2025 - 21:21:29: "Kevin<36><BOT><Unassigned>" joined team "CT"
L 11/06/2025 - 21:21:29: "Kevin<36><BOT><>" entered the game
L 11/06/2025 - 21:21:29: "Yahn<35><BOT><CT>" disconnected (reason "Kicked by administrator")
L 11/06/2025 - 21:21:29: "Erik<37><BOT><>" connected, address "none"
L 11/06/2025 - 21:21:29: "Erik<37><BOT><Unassigned>" joined team "CT"
L 11/06/2025 - 21:21:29: "Erik<37><BOT><>" entered the game
L 11/06/2025 - 21:21:29: "Kevin<36><BOT><CT>" disconnected (reason "Kicked by administrator")
L 11/06/2025 - 21:21:29: "Finn<38><BOT><>" connected, address "none"
L 11/06/2025 - 21:21:29: "Finn<38><BOT><Unassigned>" joined team "CT"
L 11/06/2025 - 21:21:29: "Finn<38><BOT><>" entered the game
L 11/06/2025 - 21:21:29: "Erik<37><BOT><CT>" disconnected (reason "Kicked by administrator")
L 11/06/2025 - 21:21:29: "Jeff<39><BOT><>" connected, address "none"
L 11/06/2025 - 21:21:29: "Jeff<39><BOT><Unassigned>" joined team "CT"
L 11/06/2025 - 21:21:29: "Jeff<39><BOT><>" entered the game
L 11/06/2025 - 21:21:29: "Finn<38><BOT><CT>" disconnected (reason "Kicked by administrator")
L 11/06/2025 - 21:21:29: "Andy<40><BOT><>" connected, address "none"
L 11/06/2025 - 21:21:29: "Andy<40><BOT><Unassigned>" joined team "CT"
L 11/06/2025 - 21:21:29: "Andy<40><BOT><>" entered the game
L 11/06/2025 - 21:21:30: "Jeff<39><BOT><CT>" disconnected (reason "Kicked by administrator")
L 11/06/2025 - 21:21:30: "Brad<41><BOT><>" connected, address "none"
L 11/06/2025 - 21:21:30: "Brad<41><BOT><Unassigned>" joined team "CT"
L 11/06/2025 - 21:21:30: "Brad<41><BOT><>" entered the game
L 11/06/2025 - 21:21:30: "Andy<40><BOT><CT>" disconnected (reason "Kicked by administrator")
L 11/06/2025 - 21:21:30: "Ian<42><BOT><>" connected, address "none"
L 11/06/2025 - 21:21:30: "Ian<42><BOT><Unassigned>" joined team "CT"
L 11/06/2025 - 21:21:30: "Ian<42><BOT><>" entered the game
L 11/06/2025 - 21:21:30: "Brad<41><BOT><CT>" disconnected (reason "Kicked by administrator")
L 11/06/2025 - 21:21:30: "Henry<43><BOT><>" connected, address "none"
L 11/06/2025 - 21:21:30: "Henry<43><BOT><Unassigned>" joined team "CT"
L 11/06/2025 - 21:21:30: "Henry<43><BOT><>" entered the game
L 11/06/2025 - 21:21:30: "Ian<42><BOT><CT>" disconnected (reason "Kicked by administrator")
L 11/06/2025 - 21:21:30: "Don<44><BOT><>" connected, address "none"
L 11/06/2025 - 21:21:30: "Don<44><BOT><Unassigned>" joined team "CT"
L 11/06/2025 - 21:21:30: "Don<44><BOT><>" entered the game
L 11/06/2025 - 21:21:30: "Henry<43><BOT><CT>" disconnected (reason "Kicked by administrator")
L 11/06/2025 - 21:21:30: "Andy<45><BOT><>" connected, address "none"
L 11/06/2025 - 21:21:30: "Andy<45><BOT><Unassigned>" joined team "CT"
L 11/06/2025 - 21:21:30: "Andy<45><BOT><>" entered the game
L 11/06/2025 - 21:21:30: "Don<44><BOT><CT>" disconnected (reason "Kicked by administrator")
L 11/06/2025 - 21:21:30: "Shawn<46><BOT><>" connected, address "none"
L 11/06/2025 - 21:21:30: "Shawn<46><BOT><Unassigned>" joined team "CT"
L 11/06/2025 - 21:21:30: "Shawn<46><BOT><>" entered the game
L 11/06/2025 - 21:21:31: "Andy<45><BOT><CT>" disconnected (reason "Kicked by administrator")
L 11/06/2025 - 21:21:31: "Wyatt<47><BOT><>" connected, address "none"
L 11/06/2025 - 21:21:31: "Wyatt<47><BOT><Unassigned>" joined team "CT"
L 11/06/2025 - 21:21:31: "Wyatt<47><BOT><>" entered the game
L 11/06/2025 - 21:21:31: "Shawn<46><BOT><CT>" disconnected (reason "Kicked by administrator")
L 11/06/2025 - 21:21:31: "Pat<48><BOT><>" connected, address "none"
L 11/06/2025 - 21:21:31: "Pat<48><BOT><Unassigned>" joined team "CT"
L 11/06/2025 - 21:21:31: "Pat<48><BOT><>" entered the game
L 11/06/2025 - 21:21:31: "Dan<5><BOT><CT>" disconnected (reason "Kicked by administrator")
L 11/06/2025 - 21:21:31: "Orin<49><BOT><>" connected, address "none"
L 11/06/2025 - 21:21:31: "Orin<49><BOT><Unassigned>" joined team "CT"
L 11/06/2025 - 21:21:31: "Orin<49><BOT><>" entered the game
L 11/06/2025 - 21:21:32: "Dean<6><BOT><CT>" disconnected (reason "Kicked by administrator")
L 11/06/2025 - 21:21:32: "Paul<50><BOT><>" connected, address "none"
L 11/06/2025 - 21:21:32: "Paul<50><BOT><Unassigned>" joined team "CT"
L 11/06/2025 - 21:21:32: "Paul<50><BOT><>" entered the game
L 11/06/2025 - 21:21:33: "Bill<7><BOT><TERRORIST>" disconnected (reason "Kicked by administrator")
L 11/06/2025 - 21:21:33: "Matt<51><BOT><>" connected, address "none"
L 11/06/2025 - 21:21:33: "Matt<51><BOT><Unassigned>" joined team "TERRORIST"
L 11/06/2025 - 21:21:33: "Matt<