L 11/06/2025 - 21:13:54: SourceMod log file session started (file "D:\SteamLibrary\steamapps\common\CS-Source_SRCDS\cstrike\addons\sourcemod\logs\L20251106.log") (Version "1.13.0.7260")
L 11/06/2025 - 21:13:54: [randomcycle.smx] RandomCycle has chosen cs_italy for the nextmap.
L 11/06/2025 - 21:21:19: [basecommands.smx] "TrueOSmium<2><[U:1:476639810]><>" kicked "Wyatt<3><BOT><>" (reason "")
L 11/06/2025 - 21:21:23: [basecommands.smx] "TrueOSmium<2><[U:1:476639810]><>" kicked "Alfred<4><BOT><>" (reason "")
L 11/06/2025 - 21:21:24: [basecommands.smx] "TrueOSmium<2><[U:1:476639810]><>" kicked "Ted<23><BOT><>" (reason "")
L 11/06/2025 - 21:21:25: [basecommands.smx] "TrueOSmium<2><[U:1:476639810]><>" kicked "Ethan<24><BOT><>" (reason "")
L 11/06/2025 - 21:21:26: [basecommands.smx] "TrueOSmium<2><[U:1:476639810]><>" kicked "Grant<25><BOT><>" (reason "")
L 11/06/2025 - 21:21:26: [basecommands.smx] "TrueOSmium<2><[U:1:476639810]><>" kicked "Yahn<26><BOT><>" (reason "")
L 11/06/2025 - 21:21:27: [basecommands.smx] "TrueOSmium<2><[U:1:476639810]><>" kicked "Irving<27><BOT><>" (reason "")
L 11/06/2025 - 21:21:27: [basecommands.smx] "TrueOSmium<2><[U:1:476639810]><>" kicked "Jon<28><BOT><>" (reason "")
L 11/06/2025 - 21:21:28: [basecommands.smx] "TrueOSmium<2><[U:1:476639810]><>" kicked "Gary<29><BOT><>" (reason "")
L 11/06/2025 - 21:21:28: [basecommands.smx] "TrueOSmium<2><[U:1:476639810]><>" kicked "Dave<30><BOT><>" (reason "")
L 11/06/2025 - 21:21:28: [basecommands.smx] "TrueOSmium<2><[U:1:476639810]><>" kicked "Nate<31><BOT><>" (reason "")
L 11/06/2025 - 21:21:28: [basecommands.smx] "TrueOSmium<2><[U:1:476639810]><>" kicked "Ted<32><BOT><>" (reason "")
L 11/06/2025 - 21:21:29: [basecommands.smx] "TrueOSmium<2><[U:1:476639810]><>" kicked "Shawn<33><BOT><>" (reason "")
L 11/06/2025 - 21:21:29: [basecommands.smx] "TrueOSmium<2><[U:1:476639810]><>" kicked "Jason<34><BOT><>" (reason "")
L 11/06/2025 - 21:21:29: [basecommands.smx] "TrueOSmium<2><[U:1:476639810]><>" kicked "Yahn<35><BOT><>" (reason "")
L 11/06/2025 - 21:21:29: [basecommands.smx] "TrueOSmium<2><[U:1:476639810]><>" kicked "Kevin<36><BOT><>" (reason "")
L 11/06/2025 - 21:21:29: [basecommands.smx] "TrueOSmium<2><[U:1:476639810]><>" kicked "Erik<37><BOT><>" (reason "")
L 11/06/2025 - 21:21:29: [basecommands.smx] "TrueOSmium<2><[U:1:476639810]><>" kicked "Finn<38><BOT><>" (reason "")
L 11/06/2025 - 21:21:30: [basecommands.smx] "TrueOSmium<2><[U:1:476639810]><>" kicked "Jeff<39><BOT><>" (reason "")
L 11/06/2025 - 21:21:30: [basecommands.smx] "TrueOSmium<2><[U:1:476639810]><>" kicked "Andy<40><BOT><>" (reason "")
L 11/06/2025 - 21:21:30: [basecommands.smx] "TrueOSmium<2><[U:1:476639810]><>" kicked "Brad<41><BOT><>" (reason "")
L 11/06/2025 - 21:21:30: [basecommands.smx] "TrueOSmium<2><[U:1:476639810]><>" kicked "Ian<42><BOT><>" (reason "")
L 11/06/2025 - 21:21:30: [basecommands.smx] "TrueOSmium<2><[U:1:476639810]><>" kicked "Henry<43><BOT><>" (reason "")
L 11/06/2025 - 21:21:30: [basecommands.smx] "TrueOSmium<2><[U:1:476639810]><>" kicked "Don<44><BOT><>" (reason "")
L 11/06/2025 - 21:21:31: [basecommands.smx] "TrueOSmium<2><[U:1:476639810]><>" kicked "Andy<45><BOT><>" (reason "")
L 11/06/2025 - 21:21:31: [basecommands.smx] "TrueOSmium<2><[U:1:476639810]><>" kicked "Shawn<46><BOT><>" (reason "")
L 11/06/2025 - 21:21:31: [basecommands.smx] "TrueOSmium<2><[U:1:476639810]><>" kicked "Dan<5><BOT><>" (reason "")
L 11/06/2025 - 21:21:32: [basecommands.smx] "TrueOSmium<2><[U:1:476639810]><>" kicked "Dean<6><BOT><>" (reason "")
L 11/06/2025 - 21:21:33: [basecommands.smx] "TrueOSmium<2><[U:1:476639810]><>" kicked "Bill<7><BOT><>" (reason "")
L 11/06/2025 - 21:21:33: [basecommands.smx] "TrueOSmium<2><[U:1:476639810]><>" kicked "Derek<8><BOT><>" (reason "")
L 11/06/2025 - 21:21:34: [basecommands.smx] "TrueOSmium<2><[U:1:476639810]><>" kicked "Calvin<9><BOT><>" (reason "")
L 11/06/2025 - 21:21:42: [basecommands.smx] "TrueOSmium<2><[U:1:476639810]><>" kicked "Adrian<10><BOT><>" (reason "")
L 11/06/2025 - 21:21:44: [basecommands.smx] "TrueOSmium<2><[U:1:476639810]><>" kicked "Eric<53><BOT><>" (reason "")
L 11/06/2025 - 21:21:46: [basecommands.smx] "TrueOSmium<2><[U:1:476639810]><>" kicked "Nate<54><BOT><>" (reason "")
L 11/06/2025 - 21:22:24: [playercommands.smx] "TrueOSmium<2><[U:1:476639810]><>" slapped "Wyatt<47><BOT><>" (damage "99")
L 11/06/2025 - 21:22:28: [playercommands.smx] "TrueOSmium<2><[U:1:476639810]><>" slapped "Wyatt<47><BOT><>" (damage "99")
L 11/06/2025 - 21:22:31: [playercommands.smx] "TrueOSmium<2><[U:1:476639810]><>" slapped "Orin<49><BOT><>" (damage "99")
